1680,Interest_matched
1698,Interest_matched
1699,Interest_matched
1700,Interest_matched
9551,Interest_matched
9564,Interest_matched
9568,Interest_matched
9572,Interest_matched
11527,Interest_matched
11531,Interest_matched
11537,Interest_matched
11542,Interest_matched
13241,Interest_created
13242,Interest_matched
13249,Interest_matched
13256,Interest_matched
14033,Data_Recieved
14561,Interest_matched
14568,Interest_matched
14574,Interest_matched
14584,Interest_matched
16453,Interest_matched
16461,Interest_matched
16465,Interest_matched
16475,Interest_matched
16813,Data_Recieved
18284,Interest_matched
18295,Interest_matched
18299,Interest_matched
18310,Interest_created
20370,Interest_matched
20384,Interest_matched
20390,Interest_matched
20397,Interest_matched
20920,Data_Recieved
21403,Data_Recieved
21984,Interest_matched
21999,Interest_matched
22009,Interest_matched
22015,Interest_matched
23652,Data_Recieved
23735,Data_Recieved
24379,Interest_matched
24416,Interest_matched
24432,Interest_matched
24455,Interest_matched
24983,Data_Recieved
25056,Data_Recieved
25070,Data_Recieved
25465,Data_Recieved
25619,Data_Recieved
27101,Interest_matched
27112,Interest_matched
27127,Interest_matched
27131,Interest_matched
27172,Data_Recieved
28982,Data_Recieved
29035,Data_Recieved
29086,Data_Recieved
29138,Data_Recieved
29189,Data_Recieved
29234,Data_Recieved
29452,Interest_matched
29459,Interest_matched
29470,Interest_matched
29489,Interest_matched
29553,Data_Recieved
29594,Data_Recieved
31064,Data_Recieved
31078,Data_Recieved
31151,Interest_matched
31155,Data_Recieved
31165,Interest_matched
31178,Interest_matched
31200,Interest_matched
31263,Data_Recieved
31272,Data_Recieved
33562,Interest_matched
33569,Interest_matched
33576,Interest_matched
33586,Interest_matched
34174,Data_Recieved
34195,Data_Recieved
34278,Data_Recieved
34699,Data_Recieved
34767,Data_Recieved
35940,Interest_matched
35953,Interest_matched
35958,Interest_matched
35964,Interest_matched
37075,Data_Recieved
38218,Interest_matched
38225,Interest_matched
38229,Interest_matched
38239,Interest_matched
38335,Data_Recieved
38813,Data_Recieved
38941,Data_Recieved
38977,Data_Recieved
39065,Data_Recieved
39118,Data_Recieved
39817,Data_Recieved
39949,Interest_matched
39953,Interest_matched
39959,Interest_matched
39983,Interest_matched
40821,Data_Recieved
41116,Data_Recieved
42202,Interest_matched
42223,Interest_matched
42240,Interest_matched
42254,Interest_matched
43123,Data_Recieved
44174,Data_Recieved
44899,Interest_matched
44903,Interest_matched
44917,Interest_matched
44926,Interest_created
46792,Data_Recieved
46892,Data_Recieved
47574,Interest_matched
47590,Interest_matched
47593,Data_Recieved
47603,Interest_matched
47619,Interest_matched
48190,Data_Recieved
49176,Data_Recieved
49239,Interest_matched
49245,Interest_matched
49252,Interest_matched
49255,Data_Recieved
49275,Interest_matched
49437,Data_Recieved
49651,Data_Recieved
51635,Interest_matched
51639,Interest_matched
51657,Interest_matched
51673,Interest_matched
52400,Data_Recieved
52505,Data_Recieved
53590,Data_Recieved
53997,Interest_consumed
54003,Interest_matched
54019,Interest_matched
54035,Interest_matched
54244,Data_Recieved
54831,Data_Recieved
55336,Data_Recieved
55411,Data_Recieved
55472,Data_Recieved
56363,Interest_matched
56368,Interest_matched
56373,Interest_matched
56394,Interest_matched
58110,Interest_matched
58119,Interest_matched
58123,Interest_matched
58132,Interest_matched
59880,Interest_matched
59899,Interest_matched
59914,Interest_created
59931,Interest_matched
62563,Data_Recieved
62593,Interest_matched
62604,Interest_matched
62632,Interest_matched
62645,Interest_matched
62648,Data_Recieved
62666,Data_Recieved
62736,Data_Recieved
62775,Data_Recieved
62864,Data_Recieved
62995,Data_Recieved
63894,Data_Recieved
63976,Data_Recieved
65468,Interest_matched
65477,Interest_matched
65487,Interest_matched
65504,Interest_matched
67447,Interest_matched
67452,Interest_matched
67463,Interest_matched
67473,Interest_matched
67900,Data_Recieved
67947,Data_Recieved
68880,Data_Recieved
70035,Interest_matched
70043,Interest_matched
70047,Data_Recieved
70064,Interest_matched
70077,Interest_matched
70110,Data_Recieved
70686,Data_Recieved
70877,Data_Recieved
70943,Data_Recieved
72384,Interest_matched
72394,Interest_matched
72402,Interest_matched
72420,Interest_matched
73111,Data_Recieved
73170,Data_Recieved
73439,Data_Recieved
73483,Data_Recieved
74272,Data_created
74336,Interest_matched
74343,Interest_matched
74347,Interest_matched
74362,Interest_matched
76254,Interest_matched
76262,Interest_matched
76276,Interest_matched
76282,Interest_matched
76581,Data_Recieved
76628,Data_Recieved
76714,Data_Recieved
77201,Data_Recieved
77262,Data_Recieved
77379,Data_Recieved
77656,Data_Recieved
77717,Data_Recieved
78202,Interest_matched
78206,Interest_matched
78221,Data_Recieved
78223,Interest_matched
78228,Interest_matched
78907,Data_Recieved
79870,Data_Recieved
80128,Data_Recieved
80613,Data_Recieved
80783,Interest_matched
80787,Interest_matched
80856,Interest_matched
80859,Data_Recieved
80873,Interest_matched
81285,Data_Recieved
81315,Data_Recieved
81331,Data_Recieved
81398,Data_Recieved
81447,Data_Recieved
82649,Data_Recieved
82892,Data_Recieved
82949,Data_Recieved
82963,Data_Recieved
83026,Data_Recieved
83048,Data_Recieved
83113,Data_Recieved
83518,Data_Recieved
83804,Interest_matched
83810,Interest_matched
83822,Interest_matched
83830,Interest_matched
84273,Data_Recieved
86129,Data_Recieved
86305,Interest_matched
86308,Data_Recieved
86315,Interest_matched
86335,Interest_matched
86349,Interest_matched
86866,Data_Recieved
88557,Data_Recieved
88915,Interest_matched
88926,Interest_matched
88939,Interest_matched
88947,Interest_matched
90550,Data_Recieved
91473,Data_Recieved
91515,Interest_matched
91529,Interest_matched
91537,Interest_matched
91541,Interest_matched
91759,Data_Recieved
91979,Data_Recieved
92079,Data_Recieved
92155,Data_Recieved
92452,Data_Recieved
92549,Data_Recieved
92734,Data_Recieved
94046,Interest_matched
94061,Interest_matched
94066,Interest_matched
94072,Interest_matched
94585,Data_Recieved
95006,Data_Recieved
95118,Data_Recieved
95213,Data_Recieved
95256,Data_Recieved
95833,Interest_matched
95845,Interest_matched
95849,Interest_matched
95854,Interest_matched
97100,Data_Recieved
97921,Interest_matched
97934,Interest_matched
97937,Data_Recieved
97946,Interest_matched
97953,Interest_matched
98210,Data_Recieved
98425,Data_Recieved
98914,Data_Recieved
99674,Data_Recieved
99829,Data_Recieved
100136,Data_Recieved
100214,Data_Recieved
100361,Interest_matched
100382,Interest_matched
100404,Interest_matched
100415,Interest_matched
101222,Data_Recieved
101305,Data_Recieved
101442,Data_Recieved
103110,Interest_matched
103126,Interest_matched
103129,Data_Recieved
103136,Interest_matched
103144,Interest_matched
103147,Data_Recieved
103859,Data_Recieved
105547,Interest_matched
105582,Interest_matched
105590,Interest_matched
105593,Data_Recieved
105604,Interest_matched
105735,Data_Recieved
106065,Data_Recieved
106408,Data_Recieved
106473,Data_Recieved
107938,Data_Recieved
107979,Data_Recieved
108052,Data_Recieved
108074,Data_Recieved
108081,Interest_matched
108091,Interest_matched
108102,Interest_matched
108120,Interest_matched
108328,Data_Recieved
108399,Data_Recieved
108464,Data_Recieved
109005,Data_Recieved
109515,Data_Recieved
110610,Interest_matched
110614,Interest_matched
110618,Interest_matched
110655,Interest_matched
111247,Data_Recieved
112775,Interest_matched
112784,Interest_matched
112790,Interest_matched
112793,Data_Recieved
112818,Interest_matched
112934,Data_Recieved
112992,Data_Recieved
113054,Data_Recieved
113328,Data_Recieved
114382,Data_Recieved
114454,Data_Recieved
114659,Interest_matched
114668,Interest_matched
114673,Interest_matched
114700,Interest_matched
116397,Interest_matched
116404,Interest_matched
116411,Interest_matched
116432,Interest_matched
118148,Interest_matched
118164,Interest_matched
118172,Data_Recieved
118179,Interest_matched
118187,Data_Recieved
118223,Interest_matched
118231,Data_Recieved
118551,Data_Recieved
118561,Data_Recieved
120206,Data_Recieved
120734,Data_Recieved
120793,Interest_matched
120796,Data_Recieved
120813,Interest_matched
120819,Interest_matched
120822,Data_Recieved
120858,Interest_matched
123280,Data_Recieved
123298,Interest_matched
123301,Data_Recieved
123307,Interest_matched
123315,Interest_matched
123351,Interest_matched
123505,Data_Recieved
124583,Data_Recieved
124617,Data_Recieved
125722,Data_Recieved
125909,Interest_matched
125915,Interest_matched
125918,Data_Recieved
125923,Interest_matched
125957,Interest_matched
125960,Data_Recieved
126667,Data_Recieved
126726,Data_Recieved
127008,Data_Recieved
127076,Data_Recieved
127134,Data_Recieved
128282,Interest_matched
128290,Interest_matched
128293,Data_Recieved
128303,Interest_matched
128306,Data_Recieved
128336,Interest_consumed
128629,Data_Recieved
128814,Data_Recieved
128866,Data_Recieved
129694,Data_Recieved
129759,Data_Recieved
130326,Interest_matched
130333,Interest_matched
130339,Interest_matched
130355,Interest_matched
131634,Data_Recieved
131741,Data_Recieved
131883,Interest_matched
131892,Interest_matched
131897,Interest_matched
131929,Interest_matched
132049,Data_Recieved
132193,Data_Recieved
134109,Data_Recieved
134173,Interest_matched
134178,Interest_matched
134184,Interest_matched
134219,Interest_matched
134509,Data_Recieved
134897,Data_Recieved
135003,Data_Recieved
135107,Data_Recieved
135176,Data_Recieved
135946,Interest_matched
135952,Interest_matched
135959,Interest_matched
135985,Interest_matched
135988,Data_Recieved
136167,Data_Recieved
136321,Data_Recieved
138300,Interest_matched
138320,Interest_matched
138352,Interest_matched
138407,Interest_matched
140266,Data_Recieved
140296,Data_Recieved
140340,Data_Recieved
140409,Data_Recieved
140439,Data_Recieved
140504,Data_Recieved
140521,Data_Recieved
140804,Interest_matched
140816,Interest_created
140822,Interest_matched
140854,Interest_matched
142872,Data_Recieved
143199,Interest_matched
143208,Interest_matched
143217,Interest_matched
143220,Data_Recieved
143261,Interest_matched
143264,Data_Recieved
143544,Data_Recieved
143771,Data_Recieved
143934,Data_Recieved
144164,Data_Recieved
144475,Data_Recieved
145531,Data_Recieved
145697,Interest_matched
145700,Data_Recieved
145715,Interest_matched
145718,Data_Recieved
145729,Interest_matched
145733,Data_Recieved
145779,Interest_matched
146116,Data_Recieved
146184,Data_Recieved
148054,Interest_matched
148068,Interest_matched
148078,Interest_matched
148110,Interest_matched
148385,Data_Recieved
148664,Data_Recieved
149543,Data_Recieved
149604,Data_Recieved
149842,Data_Recieved
149906,Data_Recieved
150049,Interest_matched
150052,Data_Recieved
150064,Interest_matched
150077,Interest_matched
150081,Data_Recieved
150118,Interest_matched
150121,Data_Recieved
150287,Data_Recieved
150354,Data_Recieved
151773,Data_Recieved
151974,Interest_matched
151983,Interest_matched
151992,Interest_matched
152039,Interest_matched
152042,Data_Recieved
152181,Data_Recieved
152397,Data_Recieved
153439,Data_Recieved
153750,Interest_matched
153759,Interest_matched
153768,Interest_matched
153810,Interest_matched
154632,Data_Recieved
154710,Data_created
154770,Data_Recieved
155938,Interest_matched
155951,Interest_matched
155967,Interest_matched
156034,Interest_matched
157776,Data_Recieved
157875,Data_Recieved
157932,Data_Recieved
157952,Data_Recieved
158011,Data_Recieved
158032,Data_Recieved
158385,Interest_matched
158392,Interest_matched
158398,Interest_created
158457,Interest_matched
160820,Interest_matched
160827,Interest_matched
160834,Interest_matched
160894,Interest_matched
160897,Data_Recieved
161240,Data_Recieved
161359,Data_Recieved
161386,Data_Recieved
161429,Data_Recieved
161467,Data_Recieved
161509,Data_Recieved
162179,Data_Recieved
162598,Data_Recieved
163270,Interest_matched
163274,Interest_matched
163278,Interest_matched
163282,Data_Recieved
163348,Interest_matched
163898,Data_Recieved
165218,Interest_matched
165224,Interest_matched
165228,Interest_matched
165277,Interest_matched
165280,Data_Recieved
165312,Data_Recieved
165548,Data_Recieved
166480,Data_Recieved
166529,Data_Recieved
166687,Data_Recieved
166768,Data_Recieved
166832,Data_Recieved
166981,Interest_matched
166987,Interest_matched
166990,Data_Recieved
166994,Interest_matched
167067,Interest_matched
167071,Data_Recieved
167965,Data_Recieved
168977,Interest_matched
168985,Interest_matched
168993,Interest_matched
169053,Interest_matched
169301,Data_Recieved
170683,Interest_matched
170686,Data_Recieved
170692,Interest_matched
170695,Data_Recieved
170712,Interest_matched
170767,Interest_matched
174757,Data_Recieved
174817,Data_Recieved
175262,Data_Recieved
175287,Data_Recieved
175375,Data_Recieved
175524,Data_Recieved
175594,Data_Recieved
177963,Data_Recieved
178966,Data_Recieved
180773,Data_Recieved
183268,Data_Recieved
183323,Data_Recieved
185881,Data_Recieved
185957,Data_Recieved
187714,Data_Recieved
189871,Data_Recieved
192625,Data_Recieved
198529,Data_Recieved
