72,Interest_pending
739,Interest_pending
1365,Interest_pending
1986,Interest_pending
2613,Interest_pending
3237,Interest_pending
3859,Interest_pending
4483,Interest_pending
5107,Interest_pending
5730,Interest_pending
6352,Interest_pending
6974,Interest_pending
7596,Interest_pending
8221,Interest_pending
8845,Interest_pending
9466,Interest_pending
10090,Interest_pending
10713,Interest_pending
11339,Interest_pending
11958,Interest_pending
12586,Interest_pending
13213,Interest_pending
13834,Interest_pending
14455,Interest_pending
15080,Interest_pending
